TN:
SF:src/main.jsx
FN:1,(empty-report)
FNF:1
FNH:0
FNDA:0,(empty-report)
DA:1,0
DA:2,0
DA:3,0
DA:4,0
DA:5,0
DA:6,0
DA:7,0
DA:8,0
DA:9,0
DA:11,0
DA:12,0
DA:13,0
DA:14,0
DA:15,0
DA:16,0
DA:17,0
DA:18,0
DA:19,0
DA:20,0
DA:21,0
LF:20
LH:0
BRDA:1,0,0,0
BRF:1
BRH:0
end_of_record
TN:
SF:src/routes.jsx
FN:1,(empty-report)
FNF:1
FNH:0
FNDA:0,(empty-report)
DA:1,0
DA:2,0
DA:3,0
DA:4,0
DA:5,0
DA:6,0
DA:7,0
DA:8,0
DA:9,0
DA:10,0
DA:12,0
DA:13,0
DA:14,0
DA:15,0
DA:16,0
DA:17,0
DA:18,0
DA:19,0
DA:20,0
DA:21,0
DA:22,0
DA:23,0
DA:24,0
DA:25,0
DA:26,0
DA:27,0
DA:28,0
DA:29,0
DA:30,0
DA:31,0
DA:32,0
DA:33,0
DA:34,0
DA:35,0
DA:36,0
DA:37,0
DA:38,0
DA:39,0
DA:40,0
DA:41,0
DA:42,0
DA:43,0
DA:45,0
DA:46,0
DA:47,0
DA:48,0
DA:49,0
LF:47
LH:0
BRDA:1,0,0,0
BRF:1
BRH:0
end_of_record
TN:
SF:src/assets/activities.js
FNF:0
FNH:0
DA:1,1
DA:2,1
DA:3,1
DA:4,1
DA:5,1
DA:6,1
DA:7,1
DA:8,1
DA:9,1
DA:10,1
DA:11,1
DA:12,1
DA:13,1
DA:14,1
DA:15,1
DA:16,1
DA:17,1
DA:18,1
DA:19,1
DA:20,1
DA:21,1
DA:22,1
DA:23,1
DA:24,1
DA:25,1
DA:26,1
DA:27,1
DA:28,1
DA:29,1
DA:30,1
DA:31,1
DA:32,1
DA:33,1
DA:34,1
DA:35,1
DA:36,1
DA:37,1
DA:38,1
DA:39,1
DA:40,1
DA:41,1
DA:42,1
DA:43,1
DA:44,1
DA:45,1
DA:46,1
DA:47,1
DA:48,1
DA:49,1
DA:50,1
DA:51,1
DA:52,1
DA:53,1
DA:54,1
LF:54
LH:54
BRF:0
BRH:0
end_of_record
TN:
SF:src/assets/cities.js
FNF:0
FNH:0
DA:1,1
DA:2,1
DA:3,1
DA:4,1
DA:5,1
DA:6,1
DA:7,1
DA:8,1
DA:9,1
DA:10,1
DA:11,1
DA:12,1
DA:13,1
DA:14,1
DA:15,1
DA:16,1
DA:17,1
DA:18,1
DA:19,1
DA:20,1
DA:21,1
DA:22,1
DA:23,1
DA:24,1
DA:25,1
DA:26,1
DA:27,1
DA:28,1
DA:29,1
DA:30,1
DA:31,1
DA:32,1
DA:33,1
DA:34,1
DA:35,1
DA:36,1
DA:37,1
DA:38,1
DA:39,1
DA:40,1
DA:41,1
DA:42,1
DA:43,1
DA:44,1
DA:45,1
DA:46,1
DA:47,1
DA:48,1
DA:49,1
DA:50,1
DA:51,1
DA:52,1
DA:53,1
DA:54,1
DA:55,1
DA:56,1
DA:57,1
DA:58,1
DA:59,1
DA:60,1
DA:61,1
DA:62,1
DA:63,1
DA:64,1
DA:65,1
DA:66,1
DA:67,1
DA:68,1
DA:69,1
DA:70,1
DA:71,1
DA:72,1
DA:73,1
DA:74,1
DA:75,1
DA:76,1
DA:77,1
DA:78,1
DA:79,1
DA:80,1
DA:81,1
DA:82,1
DA:83,1
DA:84,1
DA:85,1
DA:86,1
DA:87,1
DA:88,1
DA:89,1
DA:90,1
LF:90
LH:90
BRF:0
BRH:0
end_of_record
TN:
SF:src/assets/itinerary.js
FN:1,(empty-report)
FNF:1
FNH:0
FNDA:0,(empty-report)
DA:1,0
DA:2,0
DA:3,0
DA:4,0
DA:5,0
DA:6,0
DA:7,0
DA:8,0
DA:9,0
DA:10,0
DA:11,0
DA:12,0
DA:13,0
DA:14,0
DA:15,0
DA:16,0
DA:17,0
DA:18,0
DA:19,0
DA:20,0
DA:21,0
DA:22,0
DA:23,0
DA:24,0
DA:25,0
DA:26,0
DA:27,0
DA:28,0
DA:29,0
DA:30,0
DA:31,0
DA:32,0
DA:33,0
DA:34,0
DA:35,0
DA:36,0
DA:37,0
DA:38,0
DA:39,0
DA:40,0
DA:41,0
DA:42,0
DA:43,0
DA:44,0
DA:45,0
DA:46,0
DA:47,0
DA:48,0
DA:49,0
DA:50,0
DA:51,0
DA:52,0
DA:53,0
DA:54,0
DA:55,0
DA:56,0
DA:57,0
DA:58,0
DA:59,0
DA:60,0
DA:61,0
DA:62,0
DA:63,0
DA:64,0
DA:65,0
DA:66,0
DA:67,0
DA:68,0
DA:69,0
DA:70,0
DA:71,0
DA:72,0
DA:73,0
DA:74,0
DA:75,0
DA:76,0
DA:77,0
DA:78,0
DA:79,0
DA:80,0
DA:81,0
DA:82,0
DA:83,0
DA:84,0
DA:85,0
DA:86,0
DA:87,0
DA:88,0
DA:89,0
DA:90,0
DA:91,0
DA:92,0
DA:93,0
DA:94,0
DA:95,0
DA:96,0
DA:97,0
DA:98,0
DA:99,0
DA:100,0
DA:101,0
DA:102,0
DA:103,0
DA:104,0
DA:105,0
DA:106,0
DA:107,0
DA:108,0
DA:109,0
DA:110,0
DA:111,0
DA:112,0
DA:113,0
DA:114,0
DA:115,0
DA:116,0
DA:117,0
DA:118,0
DA:119,0
DA:120,0
DA:121,0
DA:122,0
DA:123,0
DA:124,0
DA:125,0
DA:126,0
DA:127,0
DA:128,0
DA:129,0
DA:130,0
DA:131,0
DA:132,0
DA:133,0
DA:134,0
DA:135,0
DA:136,0
DA:137,0
DA:138,0
DA:139,0
DA:140,0
DA:141,0
DA:142,0
DA:143,0
DA:144,0
DA:145,0
DA:146,0
DA:147,0
DA:148,0
DA:149,0
DA:150,0
DA:151,0
DA:152,0
DA:153,0
DA:154,0
DA:155,0
DA:156,0
DA:157,0
DA:158,0
DA:159,0
DA:160,0
DA:161,0
DA:162,0
DA:163,0
DA:164,0
DA:165,0
DA:166,0
DA:167,0
DA:168,0
DA:169,0
DA:170,0
DA:171,0
DA:172,0
DA:173,0
DA:174,0
DA:175,0
DA:176,0
DA:177,0
DA:178,0
DA:179,0
DA:180,0
DA:181,0
DA:182,0
DA:183,0
DA:184,0
DA:185,0
DA:186,0
DA:187,0
LF:187
LH:0
BRDA:1,0,0,0
BRF:1
BRH:0
end_of_record
TN:
SF:src/assets/itineraryWithTransport.js
FNF:0
FNH:0
DA:1,1
DA:2,1
DA:3,1
DA:4,1
DA:5,1
DA:6,1
DA:7,1
DA:8,1
DA:9,1
DA:10,1
DA:11,1
DA:12,1
DA:13,1
DA:14,1
DA:15,1
DA:16,1
DA:17,1
DA:18,1
DA:19,1
DA:20,1
DA:21,1
DA:22,1
DA:23,1
DA:24,1
DA:25,1
DA:26,1
DA:27,1
DA:28,1
DA:29,1
DA:30,1
DA:31,1
DA:32,1
DA:33,1
DA:34,1
DA:35,1
DA:36,1
DA:37,1
DA:38,1
DA:39,1
DA:40,1
DA:41,1
DA:42,1
DA:43,1
DA:44,1
DA:45,1
DA:46,1
DA:47,1
DA:48,1
DA:49,1
DA:50,1
DA:51,1
DA:52,1
DA:53,1
DA:54,1
DA:55,1
DA:56,1
DA:57,1
DA:58,1
DA:59,1
DA:60,1
DA:61,1
DA:62,1
DA:63,1
DA:64,1
DA:65,1
DA:66,1
DA:67,1
DA:68,1
DA:69,1
DA:70,1
DA:71,1
DA:72,1
DA:73,1
DA:74,1
DA:75,1
DA:76,1
DA:77,1
DA:78,1
DA:79,1
DA:80,1
DA:81,1
DA:82,1
DA:83,1
DA:84,1
DA:85,1
DA:86,1
DA:87,1
DA:88,1
DA:89,1
DA:90,1
DA:91,1
DA:92,1
DA:93,1
DA:94,1
DA:95,1
DA:96,1
DA:97,1
DA:98,1
DA:99,1
DA:100,1
DA:101,1
DA:102,1
DA:103,1
DA:104,1
DA:105,1
DA:106,1
DA:107,1
DA:108,1
DA:109,1
DA:110,1
DA:111,1
DA:112,1
DA:113,1
DA:114,1
DA:115,1
DA:116,1
DA:117,1
DA:118,1
DA:119,1
DA:120,1
DA:121,1
DA:122,1
DA:123,1
DA:124,1
DA:125,1
DA:126,1
DA:127,1
DA:128,1
DA:129,1
DA:130,1
DA:131,1
DA:132,1
DA:133,1
DA:134,1
DA:135,1
DA:136,1
DA:137,1
DA:138,1
DA:139,1
DA:140,1
DA:141,1
DA:142,1
DA:143,1
DA:144,1
DA:145,1
DA:146,1
DA:147,1
DA:148,1
LF:148
LH:148
BRF:0
BRH:0
end_of_record
TN:
SF:src/assets/mockTrips.js
FN:1,(empty-report)
FNF:1
FNH:0
FNDA:0,(empty-report)
DA:1,0
DA:2,0
DA:3,0
DA:4,0
DA:5,0
DA:6,0
DA:7,0
DA:8,0
DA:9,0
DA:10,0
DA:11,0
DA:12,0
DA:13,0
DA:14,0
DA:15,0
DA:16,0
DA:17,0
DA:18,0
DA:19,0
DA:20,0
DA:21,0
DA:22,0
DA:23,0
DA:24,0
DA:25,0
DA:26,0
DA:27,0
DA:28,0
DA:29,0
DA:30,0
LF:30
LH:0
BRDA:1,0,0,0
BRF:1
BRH:0
end_of_record
TN:
SF:src/assets/themes.js
FN:1,(empty-report)
FNF:1
FNH:0
FNDA:0,(empty-report)
DA:1,0
DA:2,0
DA:3,0
DA:4,0
DA:5,0
DA:6,0
DA:7,0
DA:8,0
DA:9,0
DA:10,0
DA:11,0
DA:12,0
DA:13,0
DA:14,0
DA:15,0
LF:15
LH:0
BRDA:1,0,0,0
BRF:1
BRH:0
end_of_record
TN:
SF:src/assets/transport.js
FN:1,(empty-report)
FNF:1
FNH:0
FNDA:0,(empty-report)
DA:1,0
DA:2,0
DA:3,0
DA:4,0
DA:5,0
DA:6,0
DA:7,0
DA:8,0
LF:8
LH:0
BRDA:1,0,0,0
BRF:1
BRH:0
end_of_record
TN:
SF:src/components/Carousel.jsx
FN:28,CustomCarousel
FNF:1
FNH:1
FNDA:1,CustomCarousel
DA:1,1
DA:2,1
DA:3,1
DA:5,1
DA:6,1
DA:7,1
DA:8,1
DA:9,1
DA:10,1
DA:11,1
DA:12,1
DA:13,1
DA:14,1
DA:15,1
DA:16,1
DA:17,1
DA:18,1
DA:19,1
DA:20,1
DA:21,1
DA:22,1
DA:23,1
DA:24,1
DA:25,1
DA:26,1
DA:28,1
DA:29,1
DA:30,1
DA:31,1
DA:32,1
DA:33,1
DA:34,1
DA:35,1
DA:36,1
DA:37,1
DA:38,1
DA:39,1
DA:40,1
DA:42,1
DA:43,1
DA:45,1
DA:47,1
DA:48,1
DA:49,1
DA:50,1
DA:52,1
LF:46
LH:46
BRDA:28,0,0,1
BRF:1
BRH:1
end_of_record
TN:
SF:src/components/CitySearchBar.jsx
FN:8,CitySearchBar
FN:11,handleInputChange
FN:33,handleChange
FN:63,getOptionLabel
FN:77,renderOption
FN:94,renderInput
FNF:6
FNH:6
FNDA:24,CitySearchBar
FNDA:14,handleInputChange
FNDA:4,handleChange
FNDA:1523,getOptionLabel
FNDA:460,renderOption
FNDA:35,renderInput
DA:1,1
DA:8,24
DA:9,24
DA:11,24
DA:12,14
DA:15,14
DA:16,14
DA:18,14
DA:21,14
DA:22,14
DA:23,14
DA:24,14
DA:25,14
DA:26,14
DA:27,14
DA:28,14
DA:29,0
DA:30,0
DA:31,14
DA:33,24
DA:35,4
DA:36,0
DA:37,0
DA:39,4
DA:40,4
DA:41,4
DA:43,0
DA:45,0
DA:47,0
DA:48,0
DA:49,0
DA:50,0
DA:51,0
DA:52,0
DA:53,0
DA:54,4
DA:56,24
DA:57,24
DA:58,24
DA:59,24
DA:60,24
DA:61,24
DA:62,24
DA:63,24
DA:64,1523
DA:65,0
DA:66,0
DA:67,1523
DA:68,24
DA:69,24
DA:71,1499
DA:72,1523
DA:73,24
DA:74,24
DA:75,24
DA:76,24
DA:77,24
DA:78,460
DA:79,460
DA:80,460
DA:81,460
DA:82,460
DA:84,460
DA:85,460
DA:86,460
DA:87,460
DA:88,460
DA:89,460
DA:90,460
DA:91,460
DA:92,460
DA:94,24
DA:95,35
DA:96,35
DA:97,35
DA:98,35
DA:99,35
DA:100,35
DA:101,35
DA:102,35
DA:103,35
DA:105,24
DA:107,24
DA:109,1
DA:110,1
DA:111,1
DA:112,1
LF:87
LH:72
BRDA:8,0,0,24
BRDA:11,1,0,14
BRDA:28,2,0,0
BRDA:33,3,0,4
BRDA:35,4,0,0
BRDA:41,5,0,0
BRDA:63,6,0,1523
BRDA:64,7,0,0
BRDA:67,8,0,24
BRDA:69,9,0,1499
BRDA:77,10,0,460
BRDA:94,11,0,35
BRF:12
BRH:8
end_of_record
TN:
SF:src/components/Loading.jsx
FN:6,Loading
FNF:1
FNH:1
FNDA:7,Loading
DA:1,1
DA:2,1
DA:3,1
DA:4,1
DA:6,7
DA:7,7
DA:8,7
DA:10,7
DA:12,7
DA:13,6
DA:14,1
DA:15,1
DA:16,7
DA:18,7
DA:19,7
DA:20,7
DA:21,7
DA:22,7
DA:23,7
DA:24,2
DA:25,2
DA:27,2
DA:28,2
DA:29,2
DA:31,7
DA:32,7
DA:34,7
DA:36,1
DA:37,1
DA:38,1
DA:39,1
DA:41,1
LF:32
LH:32
BRDA:6,0,0,7
BRDA:10,1,0,2
BRDA:10,2,0,0
BRDA:10,3,0,5
BRDA:23,4,0,2
BRDA:23,5,0,2
BRDA:25,6,0,1
BRDA:25,7,0,1
BRDA:12,8,0,6
BRDA:13,9,0,1
BRF:10
BRH:9
end_of_record
TN:
SF:src/components/ProtectedRoute.jsx
FN:5,ProtectedRoute
FNF:1
FNH:1
FNDA:2,ProtectedRoute
DA:1,1
DA:2,1
DA:3,1
DA:5,1
DA:6,2
DA:8,2
DA:9,1
DA:10,1
DA:12,2
DA:13,0
DA:14,0
DA:16,1
DA:17,1
DA:19,1
DA:20,1
DA:21,1
DA:23,1
LF:17
LH:15
BRDA:5,0,0,2
BRDA:8,1,0,1
BRDA:12,2,0,0
BRDA:14,3,0,1
BRF:4
BRH:3
end_of_record
TN:
SF:src/components/RingedIcon.jsx
FN:4,RingedIcon
FNF:1
FNH:1
FNDA:13,RingedIcon
DA:1,1
DA:2,1
DA:4,1
DA:5,13
DA:6,13
DA:7,13
DA:8,13
DA:9,13
DA:10,13
DA:11,13
DA:12,13
DA:13,13
DA:14,13
DA:15,13
DA:16,13
DA:17,13
DA:18,13
DA:20,13
DA:21,13
DA:23,13
DA:25,1
DA:26,1
DA:27,1
DA:28,1
DA:29,1
DA:31,1
LF:26
LH:26
BRDA:4,0,0,13
BRF:1
BRH:1
end_of_record
TN:
SF:src/components/Timeline.jsx
FN:1,(empty-report)
FNF:1
FNH:1
FNDA:1,(empty-report)
LF:0
LH:0
BRDA:1,0,0,1
BRF:1
BRH:1
end_of_record
TN:
SF:src/components/AuthForm/AuthForm.jsx
FN:6,AuthForm
FN:12,handleSubmit
FN:33,onChange
FN:41,onChange
FN:51,onChange
FNF:5
FNH:5
FNDA:42,AuthForm
FNDA:7,handleSubmit
FNDA:7,onChange
FNDA:7,onChange
FNDA:4,onChange
DA:1,1
DA:2,1
DA:3,1
DA:4,1
DA:6,1
DA:7,42
DA:8,42
DA:9,42
DA:10,42
DA:12,42
DA:13,7
DA:14,7
DA:16,7
DA:17,1
DA:18,1
DA:19,1
DA:22,6
DA:23,7
DA:25,42
DA:26,42
DA:27,42
DA:28,42
DA:29,42
DA:30,42
DA:31,42
DA:32,42
DA:33,42
DA:34,42
DA:35,42
DA:36,42
DA:37,42
DA:38,42
DA:39,42
DA:40,42
DA:41,42
DA:42,42
DA:43,42
DA:44,42
DA:45,42
DA:46,25
DA:47,25
DA:48,25
DA:49,25
DA:50,25
DA:51,25
DA:52,25
DA:53,25
DA:54,25
DA:57,25
DA:58,25
DA:60,42
DA:61,42
DA:62,42
DA:63,42
DA:64,42
DA:66,42
DA:67,42
DA:68,25
DA:69,25
DA:70,25
DA:72,17
DA:73,17
DA:74,17
DA:75,17
DA:77,42
DA:78,42
DA:80,42
DA:82,1
DA:83,1
DA:84,1
DA:85,1
DA:87,1
LF:72
LH:72
BRDA:6,0,0,42
BRDA:27,1,0,25
BRDA:27,2,0,17
BRDA:45,3,0,25
BRDA:60,4,0,1
BRDA:62,5,0,25
BRDA:62,6,0,17
BRDA:67,7,0,25
BRDA:70,8,0,17
BRDA:12,9,0,7
BRDA:16,10,0,4
BRDA:16,11,0,1
BRDA:19,12,0,6
BRDA:33,13,0,7
BRDA:41,14,0,7
BRDA:51,15,0,4
BRF:16
BRH:16
end_of_record
TN:
SF:src/components/DatePicker/DateRangeComponent.jsx
FN:7,CustomDatePicker
FN:8,handleDateChange
FN:12,isFutureDate
FNF:3
FNH:1
FNDA:22,CustomDatePicker
FNDA:0,handleDateChange
FNDA:0,isFutureDate
DA:1,1
DA:2,1
DA:3,1
DA:4,1
DA:5,1
DA:7,1
DA:8,22
DA:9,0
DA:10,0
DA:12,22
DA:13,0
DA:14,0
DA:15,0
DA:16,0
DA:18,22
DA:19,22
DA:20,22
DA:22,22
DA:23,22
DA:24,22
DA:25,22
DA:26,22
DA:27,22
DA:28,22
DA:29,22
DA:30,22
DA:31,22
DA:32,22
DA:33,22
DA:34,22
DA:35,22
DA:36,22
DA:37,22
DA:39,22
DA:41,1
DA:42,1
DA:43,1
DA:44,1
DA:46,1
LF:39
LH:33
BRDA:7,0,0,22
BRF:1
BRH:1
end_of_record
TN:
SF:src/components/ItineraryCards/ActivityCard.jsx
FN:9,ActivityCard
FN:27,handleImageError
FN:31,getWeatherIcon
FN:94,onClick
FNF:4
FNH:2
FNDA:3,ActivityCard
FNDA:0,handleImageError
FNDA:0,getWeatherIcon
FNDA:1,onClick
DA:1,1
DA:2,1
DA:3,1
DA:4,1
DA:5,1
DA:6,1
DA:7,1
DA:9,3
DA:10,3
DA:11,3
DA:12,3
DA:13,3
DA:14,3
DA:15,3
DA:16,3
DA:17,3
DA:18,3
DA:19,3
DA:20,3
DA:21,3
DA:22,3
DA:23,3
DA:24,3
DA:25,3
DA:27,3
DA:28,0
DA:29,0
DA:31,3
DA:32,0
DA:33,0
DA:34,0
DA:35,0
DA:36,0
DA:37,0
DA:38,0
DA:39,0
DA:40,0
DA:41,0
DA:42,0
DA:43,0
DA:44,0
DA:45,0
DA:46,0
DA:47,0
DA:49,3
DA:50,3
DA:51,3
DA:52,3
DA:53,3
DA:54,3
DA:55,0
DA:57,3
DA:58,3
DA:59,3
DA:60,3
DA:61,3
DA:62,3
DA:63,3
DA:64,3
DA:65,3
DA:66,3
DA:67,3
DA:68,3
DA:69,3
DA:71,3
DA:72,3
DA:74,3
DA:75,3
DA:76,3
DA:77,3
DA:78,3
DA:79,3
DA:80,3
DA:81,3
DA:82,0
DA:83,0
DA:84,0
DA:86,3
DA:87,3
DA:88,3
DA:89,3
DA:90,3
DA:91,3
DA:92,3
DA:93,3
DA:94,3
DA:95,3
DA:96,3
DA:98,3
DA:99,3
DA:100,3
DA:101,3
DA:103,3
DA:105,1
DA:106,1
DA:107,1
DA:108,1
DA:109,1
DA:110,1
DA:111,1
DA:112,1
DA:113,1
DA:114,1
DA:115,1
DA:116,1
DA:117,1
DA:118,1
DA:120,1
DA:121,1
DA:122,1
DA:124,1
LF:111
LH:89
BRDA:9,0,0,3
BRDA:25,1,0,2
BRDA:25,2,0,1
BRDA:54,3,0,0
BRDA:81,4,0,0
BRDA:94,5,0,1
BRF:6
BRH:4
end_of_record
TN:
SF:src/components/ItineraryCards/TravelCard.jsx
FN:21,TravelCard
FNF:1
FNH:1
FNDA:5,TravelCard
DA:1,1
DA:2,1
DA:10,1
DA:12,1
DA:13,1
DA:14,1
DA:15,1
DA:16,1
DA:17,1
DA:18,1
DA:19,1
DA:21,5
DA:22,5
DA:24,5
DA:25,5
DA:26,5
DA:27,5
DA:28,5
DA:29,5
DA:30,4
DA:32,5
DA:33,5
DA:34,5
DA:35,5
DA:36,5
DA:37,5
DA:38,5
DA:39,5
DA:40,5
DA:42,5
DA:44,1
DA:45,1
DA:46,1
DA:47,1
DA:48,1
DA:49,1
DA:50,1
DA:51,1
DA:53,1
LF:39
LH:39
BRDA:21,0,0,5
BRDA:22,1,0,1
BRDA:29,2,0,4
BRF:3
BRH:3
end_of_record
TN:
SF:src/components/Map/CustomPin.jsx
FN:4,createCustomPin
FNF:1
FNH:1
FNDA:4,createCustomPin
DA:1,1
DA:2,1
DA:4,1
DA:5,4
DA:6,4
DA:7,4
DA:12,4
DA:22,4
DA:23,4
DA:24,4
DA:25,4
DA:27,1
LF:12
LH:12
BRDA:4,0,0,4
BRDA:12,1,0,3
BRDA:12,2,0,1
BRF:3
BRH:3
end_of_record
TN:
SF:src/components/Map/Directions.jsx
FN:6,Directions
FN:99,onClick
FNF:2
FNH:1
FNDA:2,Directions
FNDA:0,onClick
DA:1,1
DA:2,1
DA:3,1
DA:4,1
DA:6,1
DA:7,2
DA:8,2
DA:9,2
DA:11,2
DA:12,0
DA:13,0
DA:14,0
DA:15,0
DA:16,0
DA:17,0
DA:18,0
DA:19,0
DA:21,0
DA:23,0
DA:24,0
DA:25,0
DA:26,0
DA:27,0
DA:28,0
DA:29,0
DA:30,0
DA:31,0
DA:32,0
DA:33,0
DA:35,0
DA:37,0
DA:38,0
DA:39,0
DA:40,0
DA:41,0
DA:43,0
DA:44,0
DA:45,0
DA:46,0
DA:47,0
DA:48,0
DA:49,0
DA:50,0
DA:51,0
DA:52,0
DA:53,0
DA:54,0
DA:55,0
DA:56,0
DA:57,0
DA:58,2
DA:60,2
DA:61,2
DA:62,0
DA:63,2
DA:65,2
DA:66,2
DA:68,2
DA:69,2
DA:70,2
DA:72,0
DA:73,0
DA:74,0
DA:75,0
DA:76,0
DA:77,0
DA:78,0
DA:80,0
DA:81,0
DA:82,0
DA:83,0
DA:84,0
DA:85,0
DA:87,0
DA:89,1
DA:90,1
DA:91,1
DA:92,1
DA:93,1
DA:94,1
DA:95,1
DA:97,1
DA:98,1
DA:99,1
DA:100,1
DA:102,1
LF:86
LH:30
BRDA:6,0,0,2
BRDA:70,1,0,0
BRDA:60,2,0,2
BRDA:65,3,0,2
BRF:4
BRH:3
end_of_record
TN:
SF:src/components/Map/DirectionsLayer.jsx
FN:6,DirectionsLayer
FN:36,onClick
FNF:2
FNH:1
FNDA:2,DirectionsLayer
FNDA:0,onClick
DA:1,1
DA:2,1
DA:3,1
DA:4,1
DA:6,1
DA:7,2
DA:8,2
DA:9,3
DA:10,3
DA:11,3
DA:12,1
DA:13,1
DA:14,3
DA:15,1
DA:16,1
DA:18,1
DA:19,1
DA:20,1
DA:21,1
DA:22,1
DA:23,1
DA:24,1
DA:25,1
DA:26,1
DA:27,1
DA:28,1
DA:29,1
DA:30,1
DA:31,1
DA:32,1
DA:33,1
DA:34,1
DA:35,1
DA:36,1
DA:37,1
DA:39,1
DA:40,1
DA:41,2
DA:42,2
DA:43,2
DA:45,2
DA:46,2
DA:48,1
DA:49,1
DA:50,1
DA:51,1
DA:52,1
DA:54,1
LF:48
LH:48
BRDA:6,0,0,2
BRDA:7,1,0,2
BRDA:8,2,0,3
BRDA:11,3,0,1
BRDA:12,4,0,1
BRDA:14,5,0,1
BRDA:34,6,0,0
BRDA:40,7,0,2
BRF:8
BRH:7
end_of_record
TN:
SF:src/components/Map/SideBar.jsx
FN:4,SideBar
FN:5,getColor
FN:27,onClick
FNF:3
FNH:2
FNDA:2,SideBar
FNDA:6,getColor
FNDA:0,onClick
DA:1,1
DA:2,1
DA:4,1
DA:5,2
DA:6,6
DA:7,6
DA:8,6
DA:9,6
DA:10,6
DA:11,6
DA:12,6
DA:13,6
DA:14,6
DA:15,6
DA:16,6
DA:17,6
DA:19,2
DA:20,2
DA:21,2
DA:22,2
DA:23,6
DA:24,6
DA:25,6
DA:26,6
DA:27,6
DA:29,6
DA:30,2
DA:31,2
DA:32,2
DA:33,2
DA:35,4
DA:37,6
DA:38,6
DA:39,6
DA:40,6
DA:41,2
DA:42,2
DA:43,2
DA:44,2
DA:45,2
DA:46,2
DA:47,2
DA:48,2
DA:49,2
DA:50,2
DA:51,2
DA:52,2
DA:53,2
DA:54,2
DA:55,2
DA:56,2
DA:57,2
DA:59,2
DA:61,2
DA:63,1
DA:64,1
DA:65,1
DA:66,1
DA:67,1
DA:68,1
DA:70,1
LF:61
LH:61
BRDA:4,0,0,2
BRDA:5,1,0,6
BRDA:22,2,0,6
BRDA:25,3,0,2
BRDA:25,4,0,4
BRDA:29,5,0,2
BRDA:33,6,0,4
BRF:7
BRH:7
end_of_record
TN:
SF:src/components/Map/map.jsx
FN:9,getColor
FN:23,MapPlanner
FN:43,Map
FNF:3
FNH:3
FNDA:3,getColor
FNDA:1,MapPlanner
FNDA:3,Map
DA:1,1
DA:2,1
DA:3,1
DA:4,1
DA:5,1
DA:6,1
DA:7,1
DA:9,1
DA:10,3
DA:11,3
DA:12,3
DA:13,3
DA:14,3
DA:15,3
DA:16,3
DA:17,3
DA:18,3
DA:19,3
DA:20,3
DA:21,3
DA:23,1
DA:24,1
DA:25,1
DA:26,1
DA:28,1
DA:29,1
DA:30,1
DA:31,1
DA:32,1
DA:33,1
DA:34,1
DA:36,1
DA:37,1
DA:38,1
DA:39,1
DA:40,1
DA:41,1
DA:43,1
DA:44,3
DA:46,3
DA:48,2
DA:49,1
DA:50,1
DA:51,1
DA:52,3
DA:53,3
DA:54,2
DA:55,2
DA:56,1
DA:57,1
DA:58,1
DA:59,3
DA:61,3
DA:62,2
DA:63,2
DA:65,1
DA:66,1
DA:68,1
DA:69,1
DA:70,1
DA:72,1
DA:73,1
DA:74,1
DA:75,1
DA:76,1
DA:78,1
DA:79,1
DA:80,1
DA:81,1
DA:83,1
DA:84,3
DA:85,2
DA:86,2
DA:87,2
DA:88,2
DA:90,2
DA:91,2
DA:92,2
DA:93,2
DA:94,2
DA:95,2
DA:96,2
DA:97,2
DA:99,2
DA:100,2
DA:101,2
DA:102,3
DA:103,3
DA:104,3
DA:105,3
DA:106,3
DA:107,3
DA:108,3
DA:109,3
DA:111,3
DA:113,1
DA:114,1
DA:115,1
DA:116,1
DA:117,1
DA:118,1
DA:119,1
DA:120,1
DA:121,1
DA:122,1
DA:123,1
DA:124,1
DA:125,1
DA:126,1
DA:127,1
DA:128,1
DA:129,1
DA:130,1
DA:131,1
DA:132,1
DA:133,1
DA:135,1
LF:117
LH:117
BRDA:9,0,0,3
BRDA:23,1,0,1
BRDA:25,2,0,1
BRDA:43,3,0,3
BRDA:61,4,0,2
BRDA:61,5,0,2
BRDA:63,6,0,1
BRDA:46,7,0,2
BRDA:48,8,0,1
BRDA:51,9,0,3
BRDA:53,10,0,2
BRDA:54,11,0,2
BRDA:84,12,0,2
BRF:13
BRH:13
end_of_record
TN:
SF:src/components/Modal/RegenerateModal.jsx
FN:8,RegenerateModal
FN:16,handleSubmit
FN:59,onChange
FNF:3
FNH:1
FNDA:1,RegenerateModal
FNDA:0,handleSubmit
FNDA:0,onChange
DA:1,1
DA:8,1
DA:9,1
DA:10,1
DA:11,1
DA:12,1
DA:13,1
DA:14,1
DA:16,1
DA:17,0
DA:18,0
DA:19,0
DA:20,0
DA:22,1
DA:24,1
DA:25,1
DA:26,1
DA:28,0
DA:29,0
DA:30,0
DA:31,0
DA:32,0
DA:33,0
DA:35,0
DA:37,0
DA:38,0
DA:39,0
DA:40,0
DA:41,0
DA:42,0
DA:44,0
DA:45,0
DA:46,0
DA:49,0
DA:50,0
DA:51,0
DA:52,0
DA:53,0
DA:54,0
DA:55,0
DA:56,0
DA:57,0
DA:58,0
DA:59,0
DA:60,0
DA:61,0
DA:62,0
DA:63,0
DA:64,0
DA:66,0
DA:67,0
DA:68,0
DA:69,0
DA:70,0
DA:71,0
DA:72,0
DA:73,0
DA:74,0
DA:75,0
DA:77,0
DA:78,0
DA:79,0
DA:80,0
DA:81,0
DA:82,0
DA:84,0
DA:86,1
DA:87,1
DA:88,1
DA:89,1
DA:90,1
DA:91,1
LF:72
LH:19
BRDA:8,0,0,1
BRDA:26,1,0,0
BRF:2
BRH:1
end_of_record
TN:
SF:src/components/Modal/config.js
FNF:0
FNH:0
DA:1,1
DA:2,1
DA:3,1
DA:4,1
DA:5,1
DA:6,1
DA:7,1
DA:8,1
DA:9,1
DA:10,1
DA:11,1
DA:12,1
DA:13,1
DA:14,1
DA:15,1
DA:16,1
DA:17,1
DA:18,1
DA:19,1
DA:20,1
DA:21,1
DA:22,1
LF:22
LH:22
BRF:0
BRH:0
end_of_record
TN:
SF:src/components/Navbar/Navbar.jsx
FN:6,Navbar
FN:14,handleLogout
FNF:2
FNH:2
FNDA:4,Navbar
FNDA:1,handleLogout
DA:1,1
DA:2,1
DA:3,1
DA:4,1
DA:6,1
DA:7,4
DA:8,4
DA:10,4
DA:11,4
DA:12,4
DA:14,4
DA:15,1
DA:16,1
DA:17,1
DA:18,1
DA:19,1
DA:20,1
DA:21,1
DA:22,1
DA:23,1
DA:24,1
DA:25,1
DA:26,0
DA:27,0
DA:28,1
DA:30,4
DA:31,4
DA:32,4
DA:33,4
DA:34,4
DA:35,4
DA:36,4
DA:37,4
DA:38,4
DA:39,4
DA:40,4
DA:41,4
DA:42,3
DA:43,3
DA:44,3
DA:46,3
DA:47,3
DA:49,1
DA:50,1
DA:51,1
DA:52,1
DA:54,4
DA:55,4
DA:56,4
DA:58,4
DA:60,1
LF:51
LH:49
BRDA:6,0,0,4
BRDA:41,1,0,3
BRDA:47,2,0,1
BRDA:10,3,0,4
BRDA:14,4,0,1
BRDA:25,5,0,0
BRF:6
BRH:5
end_of_record
TN:
SF:src/components/RateCard/RateCard.jsx
FN:9,RateCard
FN:13,onLike
FN:14,onDislike
FN:18,handleImageError
FNF:4
FNH:4
FNDA:6,RateCard
FNDA:1,onLike
FNDA:1,onDislike
FNDA:1,handleImageError
DA:1,1
DA:2,1
DA:3,1
DA:4,1
DA:5,1
DA:6,1
DA:7,1
DA:9,6
DA:10,6
DA:11,6
DA:13,6
DA:14,6
DA:16,6
DA:18,6
DA:19,1
DA:20,1
DA:22,6
DA:23,6
DA:24,6
DA:25,6
DA:26,6
DA:27,6
DA:28,0
DA:30,6
DA:31,6
DA:32,6
DA:33,6
DA:34,6
DA:35,6
DA:36,6
DA:37,6
DA:38,6
DA:39,6
DA:40,6
DA:41,6
DA:42,6
DA:43,6
DA:44,6
DA:45,6
DA:46,6
DA:47,6
DA:48,6
DA:49,6
DA:50,6
DA:52,6
DA:54,1
DA:55,1
DA:56,1
DA:57,1
DA:58,1
DA:59,1
DA:60,1
DA:61,1
DA:63,1
LF:54
LH:53
BRDA:9,0,0,6
BRDA:16,1,0,0
BRDA:27,2,0,0
BRDA:13,3,0,1
BRDA:14,4,0,1
BRDA:18,5,0,1
BRF:6
BRH:4
end_of_record
TN:
SF:src/components/Slider/Slider.jsx
FN:5,valuetext
FN:16,UniqueTripSlider
FNF:2
FNH:2
FNDA:40,valuetext
FNDA:20,UniqueTripSlider
DA:1,1
DA:5,40
DA:6,40
DA:7,40
DA:8,40
DA:9,40
DA:10,40
DA:11,40
DA:12,40
DA:13,40
DA:14,40
DA:16,20
DA:17,20
DA:18,20
DA:19,20
DA:20,20
DA:21,20
DA:22,20
DA:23,20
DA:24,20
DA:25,20
DA:26,20
DA:27,20
DA:28,20
DA:29,20
DA:30,20
DA:31,20
DA:32,20
DA:33,20
DA:34,20
DA:35,20
DA:36,20
DA:38,20
DA:40,1
DA:41,1
DA:42,1
DA:43,1
LF:37
LH:37
BRDA:5,0,0,40
BRDA:16,1,0,20
BRF:2
BRH:2
end_of_record
TN:
SF:src/components/Toggles/CustomToggle.jsx
FN:6,CustomToggle
FN:7,handleChange
FNF:2
FNH:2
FNDA:43,CustomToggle
FNDA:2,handleChange
DA:1,1
DA:2,1
DA:3,1
DA:4,1
DA:6,43
DA:7,43
DA:8,2
DA:9,1
DA:10,1
DA:11,1
DA:12,1
DA:13,2
DA:15,43
DA:16,43
DA:17,43
DA:18,43
DA:19,43
DA:20,43
DA:21,43
DA:23,43
DA:24,149
DA:25,149
DA:26,149
DA:27,149
DA:28,149
DA:30,149
DA:31,149
DA:32,43
DA:33,43
DA:35,43
DA:37,1
DA:38,1
DA:39,1
DA:40,1
DA:41,1
DA:42,1
DA:43,1
DA:44,1
DA:45,1
DA:46,1
DA:47,1
DA:48,1
DA:49,1
DA:50,1
DA:52,1
LF:45
LH:45
BRDA:6,0,0,43
BRDA:7,1,0,2
BRDA:8,2,0,1
BRDA:9,3,0,0
BRDA:11,4,0,0
BRDA:23,5,0,149
BRF:6
BRH:4
end_of_record
TN:
SF:src/components/TripList/TripCard.jsx
FN:19,TripCard
FN:25,handleViewTrip
FN:31,handleDeleteClick
FN:36,handleNameChange
FN:40,handleNameSubmit
FN:47,capitalize
FN:60,onBlur
FNF:7
FNH:2
FNDA:17,TripCard
FNDA:0,handleViewTrip
FNDA:0,handleDeleteClick
FNDA:0,handleNameChange
FNDA:0,handleNameSubmit
FNDA:43,capitalize
FNDA:0,onBlur
DA:1,1
DA:11,1
DA:12,1
DA:13,1
DA:14,1
DA:15,1
DA:16,1
DA:17,1
DA:19,17
DA:20,17
DA:21,17
DA:22,17
DA:23,17
DA:25,17
DA:26,0
DA:27,0
DA:28,0
DA:29,0
DA:31,17
DA:32,0
DA:33,0
DA:34,0
DA:36,17
DA:37,0
DA:38,0
DA:40,17
DA:41,0
DA:42,0
DA:44,0
DA:45,0
DA:47,17
DA:48,43
DA:49,43
DA:51,17
DA:52,17
DA:53,17
DA:54,17
DA:55,17
DA:56,0
DA:57,0
DA:58,0
DA:59,0
DA:60,0
DA:61,0
DA:62,0
DA:63,0
DA:64,0
DA:65,0
DA:67,17
DA:68,17
DA:69,17
DA:70,17
DA:71,17
DA:73,17
DA:74,17
DA:75,17
DA:76,17
DA:77,17
DA:79,17
DA:80,17
DA:81,17
DA:83,17
DA:85,17
DA:86,17
DA:87,17
DA:89,17
DA:90,17
DA:91,17
DA:93,17
DA:94,17
DA:95,26
DA:96,26
DA:97,26
DA:98,26
DA:99,26
DA:100,26
DA:101,17
DA:102,17
DA:103,17
DA:104,17
DA:106,17
DA:107,17
DA:108,17
DA:109,17
DA:110,17
DA:111,17
DA:112,17
DA:113,17
DA:115,17
DA:117,17
DA:118,17
DA:119,17
DA:121,17
DA:123,1
DA:124,1
DA:125,1
DA:126,1
DA:127,1
DA:128,1
DA:129,1
DA:130,1
DA:131,1
DA:132,1
DA:133,1
DA:134,1
DA:136,1
LF:106
LH:83
BRDA:19,0,0,17
BRDA:22,1,0,8
BRDA:55,2,0,0
BRDA:47,3,0,43
BRDA:94,4,0,26
BRF:5
BRH:4
end_of_record
TN:
SF:src/components/TripList/TripList.jsx
FN:6,TripList
FN:19,updatePostDelete
FN:40,onChange
FN:47,onChange
FNF:4
FNH:2
FNDA:4,TripList
FNDA:0,updatePostDelete
FNDA:1,onChange
FNDA:0,onChange
DA:1,1
DA:2,1
DA:3,1
DA:4,1
DA:6,4
DA:7,4
DA:8,4
DA:10,4
DA:11,8
DA:12,8
DA:13,8
DA:14,8
DA:15,8
DA:16,8
DA:17,4
DA:19,4
DA:20,0
DA:21,0
DA:22,0
DA:23,0
DA:25,4
DA:26,4
DA:27,4
DA:28,4
DA:29,4
DA:30,4
DA:31,4
DA:32,4
DA:33,4
DA:35,4
DA:36,4
DA:37,4
DA:38,4
DA:39,4
DA:40,4
DA:41,4
DA:42,4
DA:43,4
DA:44,4
DA:45,4
DA:46,4
DA:47,4
DA:48,4
DA:49,4
DA:51,4
DA:52,4
DA:53,4
DA:54,4
DA:55,4
DA:56,4
DA:57,4
DA:59,4
DA:60,4
DA:61,7
DA:62,7
DA:63,7
DA:64,4
DA:65,4
DA:66,4
DA:68,4
DA:70,1
DA:71,1
DA:72,1
DA:73,1
DA:74,1
DA:75,1
DA:76,1
DA:77,1
DA:78,1
DA:79,1
DA:80,1
DA:81,1
DA:82,1
DA:83,1
DA:84,1
DA:86,1
LF:76
LH:72
BRDA:6,0,0,4
BRDA:10,1,0,8
BRDA:12,2,0,0
BRDA:40,3,0,1
BRDA:60,4,0,7
BRF:5
BRH:4
end_of_record
TN:
SF:src/context/AuthContext.jsx
FN:7,AuthProvider
FN:16,checkAuthStatus
FN:71,useAuth
FNF:3
FNH:3
FNDA:39,AuthProvider
FNDA:22,checkAuthStatus
FNDA:75,useAuth
DA:1,1
DA:5,1
DA:7,1
DA:8,39
DA:9,39
DA:11,39
DA:12,20
DA:13,20
DA:14,39
DA:16,39
DA:17,22
DA:18,22
DA:19,22
DA:20,22
DA:21,22
DA:22,22
DA:23,22
DA:24,22
DA:25,22
DA:27,18
DA:28,18
DA:31,18
DA:32,18
DA:33,18
DA:34,18
DA:35,18
DA:36,18
DA:37,18
DA:38,18
DA:39,18
DA:40,18
DA:41,18
DA:42,21
DA:43,3
DA:44,3
DA:45,21
DA:46,21
DA:47,21
DA:48,22
DA:50,39
DA:51,20
DA:52,20
DA:54,19
DA:55,19
DA:56,19
DA:57,19
DA:58,19
DA:59,19
DA:60,19
DA:62,19
DA:63,19
DA:65,19
DA:67,1
DA:68,1
DA:69,1
DA:71,1
DA:72,75
DA:73,75
DA:74,0
DA:75,0
DA:76,75
DA:77,75
LF:62
LH:60
BRDA:7,0,0,39
BRDA:50,1,0,20
BRDA:52,2,0,19
BRDA:11,3,0,20
BRDA:16,4,0,22
BRDA:25,5,0,21
BRDA:25,6,0,18
BRDA:42,7,0,3
BRDA:33,8,0,18
BRDA:71,9,0,75
BRDA:73,10,0,0
BRF:11
BRH:10
end_of_record
TN:
SF:src/hooks/FetchApi.jsx
FN:7,useApi
FN:27,delay
FN:53,postData
FN:107,getData
FN:149,deleteData
FN:178,updateData
FNF:6
FNH:2
FNDA:47,useApi
FNDA:0,delay
FNDA:3,postData
FNDA:0,getData
FNDA:0,deleteData
FNDA:0,updateData
DA:1,1
DA:2,1
DA:3,1
DA:4,1
DA:5,1
DA:7,1
DA:8,47
DA:9,47
DA:10,47
DA:11,47
DA:13,47
DA:16,47
DA:17,47
DA:18,46
DA:19,44
DA:20,44
DA:21,47
DA:22,3
DA:23,44
DA:25,47
DA:27,47
DA:28,0
DA:30,47
DA:31,25
DA:32,0
DA:35,0
DA:36,0
DA:37,0
DA:38,0
DA:39,0
DA:40,0
DA:41,0
DA:42,0
DA:43,0
DA:44,0
DA:45,0
DA:46,0
DA:47,25
DA:48,25
DA:49,25
DA:50,47
DA:53,47
DA:54,3
DA:56,3
DA:57,0
DA:58,0
DA:59,0
DA:60,0
DA:61,0
DA:62,0
DA:63,0
DA:64,0
DA:65,0
DA:66,0
DA:67,0
DA:68,0
DA:69,0
DA:71,3
DA:72,3
DA:73,3
DA:74,3
DA:75,3
DA:76,3
DA:77,3
DA:78,3
DA:80,1
DA:82,2
DA:83,0
DA:84,0
DA:87,1
DA:88,1
DA:89,0
DA:90,0
DA:92,1
DA:93,1
DA:94,1
DA:95,1
DA:96,1
DA:97,2
DA:98,2
DA:99,2
DA:100,2
DA:101,3
DA:102,3
DA:103,3
DA:104,3
DA:107,47
DA:108,0
DA:111,0
DA:112,0
DA:114,0
DA:115,0
DA:116,0
DA:117,0
DA:118,0
DA:119,0
DA:120,0
DA:121,0
DA:122,0
DA:123,0
DA:125,0
DA:126,0
DA:127,0
DA:128,0
DA:129,0
DA:130,0
DA:131,0
DA:133,0
DA:134,0
DA:135,0
DA:136,0
DA:137,0
DA:138,0
DA:139,0
DA:140,0
DA:141,0
DA:142,0
DA:143,0
DA:144,0
DA:145,0
DA:146,0
DA:147,0
DA:149,47
DA:150,0
DA:152,0
DA:154,0
DA:155,0
DA:156,0
DA:157,0
DA:158,0
DA:159,0
DA:161,0
DA:162,0
DA:163,0
DA:165,0
DA:166,0
DA:167,0
DA:168,0
DA:169,0
DA:170,0
DA:171,0
DA:172,0
DA:173,0
DA:174,0
DA:175,0
DA:176,0
DA:178,47
DA:179,0
DA:180,0
DA:181,0
DA:183,0
DA:184,0
DA:185,0
DA:186,0
DA:187,0
DA:188,0
DA:189,0
DA:190,0
DA:191,0
DA:192,0
DA:194,0
DA:195,0
DA:196,0
DA:198,0
DA:199,0
DA:200,0
DA:201,0
DA:202,0
DA:203,0
DA:204,0
DA:205,0
DA:206,0
DA:207,0
DA:208,0
DA:209,0
DA:211,47
DA:212,47
DA:213,47
DA:214,47
DA:215,47
DA:216,47
DA:217,47
DA:218,47
DA:219,47
DA:220,47
DA:222,1
LF:186
LH:69
BRDA:7,0,0,47
BRDA:17,1,0,46
BRDA:18,2,0,44
BRDA:19,3,0,44
BRDA:21,4,0,3
BRDA:22,5,0,44
BRDA:30,6,0,25
BRDA:31,7,0,0
BRDA:53,8,0,3
BRDA:56,9,0,0
BRDA:78,10,0,2
BRDA:78,11,0,1
BRDA:82,12,0,0
BRDA:84,13,0,1
BRDA:88,14,0,0
BRDA:88,15,0,0
BRDA:101,16,0,0
BRF:17
BRH:11
end_of_record
TN:
SF:src/hooks/GetDefaultImage.js
FN:28,getDefaultImage
FNF:1
FNH:1
FNDA:4,getDefaultImage
DA:1,1
DA:13,1
DA:14,1
DA:15,1
DA:16,1
DA:17,1
DA:18,1
DA:19,1
DA:20,1
DA:21,1
DA:22,1
DA:23,1
DA:24,1
DA:25,1
DA:26,1
DA:28,1
DA:29,4
DA:30,2
DA:31,2
DA:32,2
DA:33,2
LF:21
LH:21
BRDA:28,0,0,4
BRDA:29,1,0,2
BRF:2
BRH:2
end_of_record
TN:
SF:src/hooks/LocalStorage.js
FN:1,saveItinerary
FN:5,getItinerary
FN:9,clearItinerary
FN:13,saveToLocalStorage
FN:17,getFromLocalStorage
FN:22,removeFromLocalStorage
FNF:6
FNH:2
FNDA:0,saveItinerary
FNDA:2,getItinerary
FNDA:0,clearItinerary
FNDA:0,saveToLocalStorage
FNDA:2,getFromLocalStorage
FNDA:0,removeFromLocalStorage
DA:1,1
DA:2,0
DA:3,0
DA:5,1
DA:6,2
DA:7,2
DA:9,1
DA:10,0
DA:11,0
DA:13,1
DA:14,0
DA:15,0
DA:17,1
DA:18,2
DA:19,2
DA:20,2
DA:22,1
DA:23,0
DA:24,0
LF:19
LH:11
BRDA:5,0,0,2
BRDA:17,1,0,2
BRDA:19,2,0,0
BRF:3
BRH:2
end_of_record
TN:
SF:src/pages/Home.jsx
FN:13,Home
FN:34,handleSubmit
FN:98,onChange
FNF:3
FNH:2
FNDA:24,Home
FNDA:1,handleSubmit
FNDA:0,onChange
DA:1,1
DA:2,1
DA:3,1
DA:4,1
DA:5,1
DA:6,1
DA:7,1
DA:8,1
DA:9,1
DA:10,1
DA:11,1
DA:13,24
DA:14,24
DA:15,24
DA:16,24
DA:17,24
DA:18,24
DA:19,24
DA:20,24
DA:21,24
DA:22,24
DA:23,24
DA:25,24
DA:27,24
DA:29,24
DA:30,24
DA:32,24
DA:34,24
DA:35,1
DA:36,1
DA:37,1
DA:39,1
DA:41,1
DA:42,1
DA:43,1
DA:44,1
DA:45,1
DA:46,1
DA:47,1
DA:48,1
DA:49,1
DA:50,1
DA:51,1
DA:52,1
DA:53,1
DA:54,1
DA:55,1
DA:56,1
DA:57,0
DA:58,0
DA:59,0
DA:60,1
DA:62,24
DA:63,4
DA:64,4
DA:66,20
DA:67,20
DA:68,20
DA:69,20
DA:70,20
DA:72,20
DA:73,20
DA:74,20
DA:75,20
DA:76,20
DA:77,20
DA:79,20
DA:80,20
DA:81,20
DA:82,20
DA:83,20
DA:84,20
DA:85,20
DA:87,20
DA:88,20
DA:89,20
DA:90,20
DA:91,20
DA:92,20
DA:93,20
DA:94,20
DA:95,20
DA:96,20
DA:97,20
DA:98,20
DA:99,0
DA:101,20
DA:102,20
DA:103,20
DA:104,20
DA:105,20
DA:106,20
DA:107,20
DA:108,20
DA:109,20
DA:110,20
DA:111,20
DA:112,20
DA:113,20
DA:114,20
DA:115,20
DA:116,20
DA:117,20
DA:118,20
DA:119,20
DA:120,20
DA:121,20
DA:122,20
DA:123,20
DA:124,20
DA:125,20
DA:126,1
DA:127,1
DA:128,1
DA:130,24
DA:131,24
DA:132,24
DA:133,24
DA:134,24
DA:135,24
DA:136,24
DA:137,24
DA:139,24
DA:140,24
DA:141,24
DA:142,24
DA:143,24
DA:144,24
DA:146,24
DA:148,1
LF:130
LH:126
BRDA:13,0,0,24
BRDA:32,1,0,16
BRDA:32,2,0,8
BRDA:62,3,0,22
BRDA:62,4,0,23
BRDA:62,5,0,4
BRDA:64,6,0,20
BRDA:125,7,0,1
BRDA:34,8,0,1
BRDA:39,9,0,0
BRDA:43,10,0,0
BRDA:56,11,0,0
BRF:12
BRH:9
end_of_record
TN:
SF:src/pages/Itinerary.jsx
FN:15,Itinerary
FN:51,renderTab
FN:84,capitalize
FN:88,handleChange
FN:92,handleRegenerate
FN:113,handleSwap
FN:135,handleRegenerateClick
FN:140,handleSwapClick
FN:192,handleClose
FNF:9
FNH:3
FNDA:2,Itinerary
FNDA:1,renderTab
FNDA:1,capitalize
FNDA:0,handleChange
FNDA:0,handleRegenerate
FNDA:0,handleSwap
FNDA:0,handleRegenerateClick
FNDA:0,handleSwapClick
FNDA:0,handleClose
DA:1,1
DA:2,1
DA:3,1
DA:4,1
DA:5,1
DA:6,1
DA:7,1
DA:8,1
DA:9,1
DA:10,1
DA:11,1
DA:12,1
DA:13,1
DA:15,2
DA:17,2
DA:18,2
DA:21,2
DA:22,2
DA:23,2
DA:25,2
DA:26,2
DA:27,2
DA:28,2
DA:29,2
DA:30,2
DA:31,2
DA:34,2
DA:35,2
DA:36,2
DA:37,2
DA:38,2
DA:41,2
DA:42,1
DA:43,1
DA:44,0
DA:45,0
DA:46,0
DA:47,0
DA:48,2
DA:51,2
DA:52,1
DA:53,1
DA:54,1
DA:55,1
DA:56,1
DA:57,1
DA:58,1
DA:60,1
DA:61,0
DA:62,0
DA:63,0
DA:64,0
DA:66,0
DA:67,0
DA:68,0
DA:69,0
DA:70,0
DA:71,0
DA:72,0
DA:73,0
DA:74,0
DA:75,0
DA:76,0
DA:77,0
DA:79,1
DA:80,0
DA:81,1
DA:82,1
DA:84,2
DA:85,1
DA:86,1
DA:88,2
DA:89,0
DA:90,0
DA:92,2
DA:94,0
DA:95,0
DA:96,0
DA:97,0
DA:98,0
DA:99,0
DA:100,0
DA:101,0
DA:102,0
DA:103,0
DA:104,0
DA:105,0
DA:106,0
DA:107,0
DA:108,0
DA:109,0
DA:110,0
DA:111,0
DA:113,2
DA:115,0
DA:116,0
DA:117,0
DA:118,0
DA:119,0
DA:120,0
DA:121,0
DA:122,0
DA:123,0
DA:124,0
DA:125,0
DA:126,0
DA:127,0
DA:128,0
DA:129,0
DA:130,0
DA:131,0
DA:132,0
DA:133,0
DA:135,2
DA:136,0
DA:137,0
DA:138,0
DA:140,2
DA:141,0
DA:142,0
DA:143,0
DA:144,0
DA:147,2
DA:148,1
DA:149,1
DA:151,1
DA:152,1
DA:153,1
DA:154,1
DA:155,1
DA:156,2
DA:157,2
DA:158,2
DA:159,2
DA:160,2
DA:161,2
DA:162,2
DA:163,2
DA:165,2
DA:166,2
DA:167,2
DA:168,2
DA:169,2
DA:170,2
DA:171,2
DA:172,2
DA:174,2
DA:175,2
DA:176,2
DA:177,2
DA:178,2
DA:179,2
DA:180,2
DA:181,0
DA:183,2
DA:184,0
DA:185,0
DA:186,0
DA:188,2
DA:189,2
DA:190,2
DA:191,2
DA:192,2
DA:193,2
DA:194,2
DA:195,0
DA:196,1
DA:198,2
DA:199,2
DA:200,2
DA:202,2
DA:204,1
LF:172
LH:100
BRDA:15,0,0,2
BRDA:147,1,0,1
BRDA:147,2,0,1
BRDA:147,3,0,1
BRDA:180,4,0,0
BRDA:183,5,0,0
BRDA:194,6,0,0
BRDA:195,7,0,1
BRDA:41,8,0,1
BRDA:42,9,0,0
BRDA:42,10,0,0
BRDA:43,11,0,0
BRDA:43,12,0,0
BRDA:51,13,0,1
BRDA:60,14,0,0
BRDA:79,15,0,0
BRDA:84,16,0,1
BRF:17
BRH:8
end_of_record
TN:
SF:src/pages/Layout.jsx
FN:1,(empty-report)
FNF:1
FNH:0
FNDA:0,(empty-report)
DA:1,0
DA:2,0
DA:4,0
DA:5,0
DA:6,0
DA:7,0
DA:8,0
DA:9,0
DA:11,0
DA:13,0
LF:10
LH:0
BRDA:1,0,0,0
BRF:1
BRH:0
end_of_record
TN:
SF:src/pages/Login.jsx
FN:9,Login
FN:16,handleLogin
FN:45,mapErrorToMessage
FNF:3
FNH:3
FNDA:6,Login
FNDA:2,handleLogin
FNDA:1,mapErrorToMessage
DA:1,1
DA:2,1
DA:3,1
DA:4,1
DA:5,1
DA:6,1
DA:7,1
DA:9,1
DA:10,6
DA:11,6
DA:12,6
DA:13,6
DA:14,6
DA:16,6
DA:17,2
DA:18,2
DA:19,2
DA:20,2
DA:21,2
DA:22,1
DA:24,2
DA:25,1
DA:26,1
DA:27,1
DA:29,1
DA:30,1
DA:31,0
DA:32,0
DA:33,0
DA:34,1
DA:35,2
DA:36,0
DA:37,0
DA:38,2
DA:39,1
DA:40,1
DA:41,1
DA:42,1
DA:43,2
DA:45,6
DA:46,1
DA:47,0
DA:48,0
DA:49,1
DA:50,1
DA:52,6
DA:53,6
DA:54,6
DA:55,6
DA:56,6
DA:57,1
DA:59,6
DA:60,6
DA:61,6
DA:62,6
DA:63,2
DA:65,6
DA:67,6
DA:69,1
LF:59
LH:52
BRDA:9,0,0,6
BRDA:56,1,0,1
BRDA:62,2,0,4
BRDA:62,3,0,2
BRDA:16,4,0,2
BRDA:21,5,0,1
BRDA:24,6,0,1
BRDA:30,7,0,0
BRDA:35,8,0,0
BRDA:38,9,0,1
BRDA:45,10,0,1
BRDA:46,11,0,0
BRDA:46,12,0,0
BRF:13
BRH:9
end_of_record
TN:
SF:src/pages/NotFound.jsx
FN:1,NotFound
FNF:1
FNH:1
FNDA:1,NotFound
DA:1,1
DA:2,1
DA:3,1
DA:5,1
LF:4
LH:4
BRDA:1,0,0,1
BRF:1
BRH:1
end_of_record
TN:
SF:src/pages/Rate.jsx
FN:9,Rate
FN:89,hideOverflowingCards
FN:119,onCardClick
FNF:3
FNH:2
FNDA:6,Rate
FNDA:3,hideOverflowingCards
FNDA:0,onCardClick
DA:1,1
DA:2,1
DA:3,1
DA:4,1
DA:5,1
DA:6,1
DA:7,1
DA:9,6
DA:11,6
DA:12,6
DA:13,6
DA:16,6
DA:17,6
DA:18,6
DA:19,6
DA:22,6
DA:23,6
DA:26,6
DA:29,6
DA:30,6
DA:33,6
DA:34,3
DA:35,0
DA:36,0
DA:37,6
DA:40,6
DA:41,0
DA:42,0
DA:43,0
DA:44,0
DA:45,0
DA:46,0
DA:47,0
DA:48,0
DA:50,0
DA:51,0
DA:52,0
DA:53,0
DA:54,0
DA:55,0
DA:56,0
DA:57,0
DA:58,0
DA:59,0
DA:60,0
DA:61,0
DA:62,0
DA:63,0
DA:64,0
DA:65,0
DA:66,0
DA:67,0
DA:68,0
DA:69,0
DA:70,0
DA:71,6
DA:72,6
DA:73,6
DA:74,6
DA:75,6
DA:76,6
DA:77,6
DA:78,6
DA:79,6
DA:81,6
DA:82,6
DA:83,0
DA:84,0
DA:85,6
DA:88,6
DA:89,3
DA:90,3
DA:92,2
DA:93,2
DA:94,2
DA:96,2
DA:97,0
DA:98,0
DA:100,0
DA:101,0
DA:102,0
DA:104,2
DA:105,3
DA:107,3
DA:108,3
DA:110,3
DA:111,6
DA:114,6
DA:115,1
DA:116,1
DA:119,5
DA:120,0
DA:121,0
DA:122,0
DA:123,0
DA:124,0
DA:125,0
DA:126,0
DA:128,0
DA:129,0
DA:130,0
DA:131,0
DA:132,0
DA:133,0
DA:134,0
DA:136,0
DA:137,0
DA:138,0
DA:139,0
DA:141,5
DA:142,5
DA:143,5
DA:144,5
DA:145,5
DA:146,5
DA:147,5
DA:148,5
DA:149,5
DA:150,5
DA:152,5
DA:153,5
DA:154,0
DA:155,0
DA:156,0
DA:157,0
DA:158,0
DA:159,0
DA:160,0
DA:161,0
DA:162,0
DA:163,0
DA:164,0
DA:166,5
DA:168,6
DA:169,6
DA:170,6
DA:171,0
DA:173,6
DA:174,6
DA:175,6
DA:177,6
DA:179,1
LF:142
LH:74
BRDA:9,0,0,6
BRDA:114,1,0,5
BRDA:114,2,0,5
BRDA:114,3,0,1
BRDA:153,4,0,0
BRDA:164,5,0,5
BRDA:170,6,0,0
BRDA:33,7,0,3
BRDA:34,8,0,0
BRDA:34,9,0,0
BRDA:81,10,0,6
BRDA:82,11,0,0
BRDA:82,12,0,0
BRDA:88,13,0,3
BRDA:89,14,0,3
BRDA:90,15,0,1
BRDA:90,16,0,2
BRDA:96,17,0,0
BRDA:110,18,0,3
BRF:19
BRH:12
end_of_record
TN:
SF:src/pages/Signup.jsx
FN:9,Signup
FN:16,handleSignup
FN:44,mapErrorToMessage
FNF:3
FNH:3
FNDA:6,Signup
FNDA:2,handleSignup
FNDA:1,mapErrorToMessage
DA:1,1
DA:2,1
DA:3,1
DA:4,1
DA:5,1
DA:6,1
DA:7,1
DA:9,1
DA:10,6
DA:11,6
DA:12,6
DA:13,6
DA:14,6
DA:16,6
DA:17,2
DA:18,2
DA:19,1
DA:21,1
DA:22,1
DA:23,0
DA:24,0
DA:25,2
DA:27,1
DA:28,1
DA:29,0
DA:30,0
DA:31,0
DA:32,1
DA:33,1
DA:34,2
DA:35,0
DA:36,0
DA:37,2
DA:38,1
DA:39,1
DA:40,1
DA:41,1
DA:42,2
DA:44,6
DA:45,1
DA:46,0
DA:47,0
DA:48,1
DA:49,1
DA:51,6
DA:52,6
DA:53,6
DA:54,6
DA:55,6
DA:56,1
DA:58,6
DA:59,6
DA:60,6
DA:61,6
DA:62,1
DA:64,6
DA:66,6
DA:68,1
LF:58
LH:49
BRDA:9,0,0,6
BRDA:55,1,0,1
BRDA:61,2,0,5
BRDA:61,3,0,1
BRDA:16,4,0,2
BRDA:18,5,0,1
BRDA:22,6,0,0
BRDA:25,7,0,1
BRDA:28,8,0,0
BRDA:34,9,0,0
BRDA:37,10,0,1
BRDA:44,11,0,1
BRDA:45,12,0,0
BRDA:45,13,0,0
BRF:14
BRH:9
end_of_record
TN:
SF:src/pages/UserTrips.jsx
FN:1,(empty-report)
FNF:1
FNH:0
FNDA:0,(empty-report)
DA:1,0
DA:2,0
DA:4,0
DA:5,0
DA:6,0
DA:7,0
DA:8,0
DA:10,0
DA:11,0
DA:12,0
DA:13,0
DA:15,0
DA:16,0
DA:17,0
DA:18,0
DA:19,0
DA:20,0
DA:21,0
DA:22,0
DA:23,0
DA:24,0
DA:25,0
DA:26,0
DA:27,0
DA:28,0
DA:29,0
DA:31,0
DA:32,0
DA:33,0
DA:35,0
DA:36,0
DA:37,0
DA:38,0
DA:40,0
DA:41,0
DA:42,0
DA:43,0
DA:44,0
DA:45,0
DA:46,0
DA:47,0
DA:48,0
DA:49,0
DA:51,0
DA:52,0
DA:53,0
DA:54,0
DA:55,0
DA:57,0
DA:59,0
DA:60,0
DA:61,0
DA:63,0
DA:64,0
DA:66,0
DA:68,0
LF:56
LH:0
BRDA:1,0,0,0
BRF:1
BRH:0
end_of_record
TN:
SF:src/pages/ItineraryTabs/ItineraryOverview.jsx
FN:6,ItineraryOverview
FNF:1
FNH:1
FNDA:1,ItineraryOverview
DA:1,1
DA:2,1
DA:3,1
DA:4,1
DA:6,1
DA:7,1
DA:8,1
DA:9,1
DA:10,1
DA:11,0
DA:12,0
DA:13,0
DA:14,0
DA:15,0
DA:16,0
DA:17,0
DA:18,0
DA:19,0
DA:20,0
DA:22,0
DA:23,0
DA:24,0
DA:25,0
DA:26,0
DA:27,0
DA:28,0
DA:29,0
DA:30,0
DA:31,0
DA:32,0
DA:33,0
DA:34,0
DA:35,0
DA:36,0
DA:38,1
DA:39,1
DA:40,1
DA:42,1
DA:44,1
DA:45,1
DA:46,1
DA:47,1
DA:48,1
DA:49,1
DA:50,1
DA:51,1
DA:52,1
DA:53,1
DA:54,1
DA:55,1
DA:56,1
DA:57,1
DA:58,1
DA:59,1
DA:60,1
DA:61,1
DA:63,1
LF:57
LH:32
BRDA:6,0,0,1
BRF:1
BRH:1
end_of_record
TN:
SF:src/pages/ItineraryTabs/RegenerateModal.jsx
FN:1,(empty-report)
FNF:1
FNH:0
FNDA:0,(empty-report)
DA:1,0
DA:7,0
DA:8,0
DA:9,0
DA:10,0
DA:11,0
DA:12,0
DA:14,0
DA:15,0
DA:16,0
DA:17,0
DA:18,0
DA:20,0
DA:21,0
DA:22,0
DA:23,0
DA:24,0
DA:25,0
DA:27,0
DA:29,0
DA:30,0
DA:31,0
DA:32,0
DA:33,0
DA:34,0
DA:35,0
DA:37,0
DA:38,0
DA:41,0
DA:42,0
DA:43,0
DA:44,0
DA:45,0
DA:46,0
DA:47,0
DA:48,0
DA:49,0
DA:50,0
DA:51,0
DA:52,0
DA:53,0
DA:54,0
DA:55,0
DA:56,0
DA:57,0
DA:60,0
DA:61,0
DA:62,0
DA:63,0
DA:64,0
DA:65,0
DA:66,0
DA:67,0
DA:68,0
DA:69,0
DA:71,0
DA:72,0
DA:73,0
DA:74,0
DA:75,0
DA:77,0
DA:79,0
DA:80,0
DA:81,0
DA:82,0
DA:83,0
LF:66
LH:0
BRDA:1,0,0,0
BRF:1
BRH:0
end_of_record
TN:
SF:src/providers/FactsProvider.jsx
FN:6,FactsProvider
FNF:1
FNH:1
FNDA:14,FactsProvider
DA:1,1
DA:4,1
DA:6,1
DA:7,14
DA:9,14
DA:10,14
DA:11,14
DA:12,14
DA:14,14
DA:16,1
DA:17,1
DA:18,1
LF:12
LH:12
BRDA:6,0,0,14
BRF:1
BRH:1
end_of_record
TN:
SF:src/providers/theme.jsx
FN:1,(empty-report)
FNF:1
FNH:0
FNDA:0,(empty-report)
DA:1,0
DA:3,0
DA:4,0
DA:5,0
DA:6,0
DA:7,0
DA:8,0
DA:9,0
DA:10,0
DA:11,0
DA:12,0
DA:13,0
DA:15,0
LF:13
LH:0
BRDA:1,0,0,0
BRF:1
BRH:0
end_of_record
